<?xml version="1.0" encoding="UTF-8"?>
<!-- Generated by org.testng.reporters.JUnitReportReporter -->
<testsuite hostname="DCK" failures="0" tests="3" name="ChaitanyaLearning.StandAloneTest" time="51.477" errors="0" timestamp="2024-04-11T13:19:48 EDT" skipped="0">
  <testcase classname="ChaitanyaLearning.StandAloneTest" name="submitOrder" time="14.206"/>
  <testcase classname="ChaitanyaLearning.StandAloneTest" name="submitOrder" time="26.393"/>
  <testcase classname="ChaitanyaLearning.StandAloneTest" name="submitOrderToGetOrders" time="10.878"/>
</testsuite> <!-- ChaitanyaLearning.StandAloneTest -->
