<?xml version="1.0" encoding="UTF-8"?>
<!-- Generated by org.testng.reporters.JUnitReportReporter -->
<testsuite hostname="DCK" failures="0" tests="1" name="ChaitanyaLearning.ErrorValidations" time="14.750" errors="0" timestamp="2024-04-16T09:40:05 EDT" skipped="0">
  <testcase classname="ChaitanyaLearning.ErrorValidations" name="submitOrder" time="14.750"/>
</testsuite> <!-- ChaitanyaLearning.ErrorValidations -->
